E:\MYDEV\WORKSPACES\GAMEINSTITUTE\C++\MODUL1_LESSON7\MODUL1_LESSON7\DEBUG\MAIN.OBJ
E:\MYDEV\WORKSPACES\GAMEINSTITUTE\C++\MODUL1_LESSON7\MODUL1_LESSON7\DEBUG\VECTOR3.OBJ
E:\MYDEV\WORKSPACES\GAMEINSTITUTE\C++\MODUL1_LESSON7\MODUL1_LESSON7\DEBUG\VC110.PDB
E:\MyDev\workspaces\GameInstitute\C++\Modul1_Lesson7\Modul1_Lesson7\Debug\main.obj
E:\MyDev\workspaces\GameInstitute\C++\Modul1_Lesson7\Modul1_Lesson7\Debug\Vector3.obj
E:\MyDev\workspaces\GameInstitute\C++\Modul1_Lesson7\Modul1_Lesson7\Debug\cl.command.1.tlog
E:\MyDev\workspaces\GameInstitute\C++\Modul1_Lesson7\Modul1_Lesson7\Debug\CL.read.1.tlog
E:\MyDev\workspaces\GameInstitute\C++\Modul1_Lesson7\Modul1_Lesson7\Debug\CL.write.1.tlog
E:\MyDev\workspaces\GameInstitute\C++\Modul1_Lesson7\Modul1_Lesson7\Debug\link-cvtres.read.1.tlog
E:\MyDev\workspaces\GameInstitute\C++\Modul1_Lesson7\Modul1_Lesson7\Debug\link-cvtres.write.1.tlog
E:\MyDev\workspaces\GameInstitute\C++\Modul1_Lesson7\Modul1_Lesson7\Debug\link-rc.read.1.tlog
E:\MyDev\workspaces\GameInstitute\C++\Modul1_Lesson7\Modul1_Lesson7\Debug\link-rc.write.1.tlog
E:\MyDev\workspaces\GameInstitute\C++\Modul1_Lesson7\Modul1_Lesson7\Debug\link.960-cvtres.read.1.tlog
E:\MyDev\workspaces\GameInstitute\C++\Modul1_Lesson7\Modul1_Lesson7\Debug\link.960-cvtres.write.1.tlog
E:\MyDev\workspaces\GameInstitute\C++\Modul1_Lesson7\Modul1_Lesson7\Debug\link.960-rc.read.1.tlog
E:\MyDev\workspaces\GameInstitute\C++\Modul1_Lesson7\Modul1_Lesson7\Debug\link.960-rc.write.1.tlog
E:\MyDev\workspaces\GameInstitute\C++\Modul1_Lesson7\Modul1_Lesson7\Debug\link.960.read.1.tlog
E:\MyDev\workspaces\GameInstitute\C++\Modul1_Lesson7\Modul1_Lesson7\Debug\link.960.write.1.tlog
E:\MyDev\workspaces\GameInstitute\C++\Modul1_Lesson7\Modul1_Lesson7\Debug\link.command.1.tlog
E:\MyDev\workspaces\GameInstitute\C++\Modul1_Lesson7\Modul1_Lesson7\Debug\link.read.1.tlog
E:\MyDev\workspaces\GameInstitute\C++\Modul1_Lesson7\Modul1_Lesson7\Debug\link.write.1.tlog
E:\MyDev\workspaces\GameInstitute\C++\Modul1_Lesson7\Modul1_Lesson7\Debug\vc110.idb
E:\MyDev\workspaces\GameInstitute\C++\Modul1_Lesson7\Modul1_Lesson7\Debug\vc110.pdb
E:\MyDev\workspaces\GameInstitute\C++\Modul1_Lesson7\Debug\Modul1_Lesson7.pdb
