E:\MYDEV\WORKSPACES\GAMEINSTITUTE\C++\MODUL1_LESSON5\MODUL1_LESSON5\DEBUG\CLASSES.OBJ
E:\MYDEV\WORKSPACES\GAMEINSTITUTE\C++\MODUL1_LESSON5\MODUL1_LESSON5\DEBUG\CLIENT.OBJ
E:\MYDEV\WORKSPACES\GAMEINSTITUTE\C++\MODUL1_LESSON5\MODUL1_LESSON5\DEBUG\DIE.OBJ
E:\MYDEV\WORKSPACES\GAMEINSTITUTE\C++\MODUL1_LESSON5\MODUL1_LESSON5\DEBUG\RANDOM.OBJ
E:\MYDEV\WORKSPACES\GAMEINSTITUTE\C++\MODUL1_LESSON5\MODUL1_LESSON5\DEBUG\STRUCTURES.OBJ
E:\MYDEV\WORKSPACES\GAMEINSTITUTE\C++\MODUL1_LESSON5\MODUL1_LESSON5\DEBUG\VC110.PDB
E:\MYDEV\WORKSPACES\GAMEINSTITUTE\C++\MODUL1_LESSON5\MODUL1_LESSON5\DEBUG\GAME.OBJ
E:\MYDEV\WORKSPACES\GAMEINSTITUTE\C++\MODUL1_LESSON5\MODUL1_LESSON5\DEBUG\MAP.OBJ
E:\MYDEV\WORKSPACES\GAMEINSTITUTE\C++\MODUL1_LESSON5\MODUL1_LESSON5\DEBUG\MONSTER.OBJ
E:\MYDEV\WORKSPACES\GAMEINSTITUTE\C++\MODUL1_LESSON5\MODUL1_LESSON5\DEBUG\PLAYER.OBJ
E:\MYDEV\WORKSPACES\GAMEINSTITUTE\C++\MODUL1_LESSON5\DEBUG\MODUL1_LESSON5.ILK
E:\MYDEV\WORKSPACES\GAMEINSTITUTE\C++\MODUL1_LESSON5\DEBUG\MODUL1_LESSON5.EXE
E:\MYDEV\WORKSPACES\GAMEINSTITUTE\C++\MODUL1_LESSON5\DEBUG\MODUL1_LESSON5.PDB
E:\MyDev\workspaces\GameInstitute\C++\Modul1_Lesson5\Modul1_Lesson5\Debug\classes.obj
E:\MyDev\workspaces\GameInstitute\C++\Modul1_Lesson5\Modul1_Lesson5\Debug\client.obj
E:\MyDev\workspaces\GameInstitute\C++\Modul1_Lesson5\Modul1_Lesson5\Debug\die.obj
E:\MyDev\workspaces\GameInstitute\C++\Modul1_Lesson5\Modul1_Lesson5\Debug\game.obj
E:\MyDev\workspaces\GameInstitute\C++\Modul1_Lesson5\Modul1_Lesson5\Debug\map.obj
E:\MyDev\workspaces\GameInstitute\C++\Modul1_Lesson5\Modul1_Lesson5\Debug\monster.obj
E:\MyDev\workspaces\GameInstitute\C++\Modul1_Lesson5\Modul1_Lesson5\Debug\player.obj
E:\MyDev\workspaces\GameInstitute\C++\Modul1_Lesson5\Modul1_Lesson5\Debug\random.obj
E:\MyDev\workspaces\GameInstitute\C++\Modul1_Lesson5\Modul1_Lesson5\Debug\structures.obj
E:\MyDev\workspaces\GameInstitute\C++\Modul1_Lesson5\Modul1_Lesson5\Debug\cl.command.1.tlog
E:\MyDev\workspaces\GameInstitute\C++\Modul1_Lesson5\Modul1_Lesson5\Debug\CL.read.1.tlog
E:\MyDev\workspaces\GameInstitute\C++\Modul1_Lesson5\Modul1_Lesson5\Debug\CL.write.1.tlog
E:\MyDev\workspaces\GameInstitute\C++\Modul1_Lesson5\Modul1_Lesson5\Debug\link-cvtres.read.1.tlog
E:\MyDev\workspaces\GameInstitute\C++\Modul1_Lesson5\Modul1_Lesson5\Debug\link-cvtres.write.1.tlog
E:\MyDev\workspaces\GameInstitute\C++\Modul1_Lesson5\Modul1_Lesson5\Debug\link-rc.read.1.tlog
E:\MyDev\workspaces\GameInstitute\C++\Modul1_Lesson5\Modul1_Lesson5\Debug\link-rc.write.1.tlog
E:\MyDev\workspaces\GameInstitute\C++\Modul1_Lesson5\Modul1_Lesson5\Debug\link.5332.read.1.tlog
E:\MyDev\workspaces\GameInstitute\C++\Modul1_Lesson5\Modul1_Lesson5\Debug\link.5332.write.1.tlog
E:\MyDev\workspaces\GameInstitute\C++\Modul1_Lesson5\Modul1_Lesson5\Debug\link.7372-cvtres.read.1.tlog
E:\MyDev\workspaces\GameInstitute\C++\Modul1_Lesson5\Modul1_Lesson5\Debug\link.7372-cvtres.write.1.tlog
E:\MyDev\workspaces\GameInstitute\C++\Modul1_Lesson5\Modul1_Lesson5\Debug\link.7372-rc.read.1.tlog
E:\MyDev\workspaces\GameInstitute\C++\Modul1_Lesson5\Modul1_Lesson5\Debug\link.7372-rc.write.1.tlog
E:\MyDev\workspaces\GameInstitute\C++\Modul1_Lesson5\Modul1_Lesson5\Debug\link.7372.read.1.tlog
E:\MyDev\workspaces\GameInstitute\C++\Modul1_Lesson5\Modul1_Lesson5\Debug\link.7372.write.1.tlog
E:\MyDev\workspaces\GameInstitute\C++\Modul1_Lesson5\Modul1_Lesson5\Debug\link.command.1.tlog
E:\MyDev\workspaces\GameInstitute\C++\Modul1_Lesson5\Modul1_Lesson5\Debug\link.read.1.tlog
E:\MyDev\workspaces\GameInstitute\C++\Modul1_Lesson5\Modul1_Lesson5\Debug\link.write.1.tlog
E:\MyDev\workspaces\GameInstitute\C++\Modul1_Lesson5\Modul1_Lesson5\Debug\vc110.idb
E:\MyDev\workspaces\GameInstitute\C++\Modul1_Lesson5\Modul1_Lesson5\Debug\vc110.pdb
E:\MyDev\workspaces\GameInstitute\C++\Modul1_Lesson5\Debug\Modul1_Lesson5.pdb
E:\MyDev\workspaces\GameInstitute\C++\Modul1_Lesson5\Debug\Modul1_Lesson5.exe
E:\MyDev\workspaces\GameInstitute\C++\Modul1_Lesson5\Debug\Modul1_Lesson5.ilk
